<?xml version="1.0" encoding="UTF-8"?>
<testng-results skipped="0" failed="0" ignored="0" total="1" passed="1">
  <reporter-output>
  </reporter-output>
  <suite name="Suite" duration-ms="62687" started-at="2019-08-27T11:18:16Z" finished-at="2019-08-27T11:19:18Z">
    <groups>
    </groups>
    <test name="Test" duration-ms="62687" started-at="2019-08-27T11:18:16Z" finished-at="2019-08-27T11:19:18Z">
      <class name="com.facebooklogin.FacebookLoginTest">
        <test-method status="PASS" signature="setup()[pri:0, instance:com.facebooklogin.FacebookLoginTest@1888ff2c]" name="setup" is-config="true" duration-ms="8211" started-at="2019-08-27T11:18:16Z" finished-at="2019-08-27T11:18:24Z">
          <reporter-output>
          </reporter-output>
        </test-method> <!-- setup -->
        <test-method status="PASS" signature="facebookLoginTest()[pri:0, instance:com.facebooklogin.FacebookLoginTest@1888ff2c]" name="facebookLoginTest" duration-ms="53522" started-at="2019-08-27T11:18:24Z" finished-at="2019-08-27T11:19:17Z">
          <reporter-output>
          </reporter-output>
        </test-method> <!-- facebookLoginTest -->
        <test-method status="PASS" signature="tearDown()[pri:0, instance:com.facebooklogin.FacebookLoginTest@1888ff2c]" name="tearDown" is-config="true" duration-ms="932" started-at="2019-08-27T11:19:17Z" finished-at="2019-08-27T11:19:18Z">
          <reporter-output>
          </reporter-output>
        </test-method> <!-- tearDown -->
      </class> <!-- com.facebooklogin.FacebookLoginTest -->
    </test> <!-- Test -->
  </suite> <!-- Suite -->
</testng-results>
